-encoding
UTF-8
-outxml
-source
1.6
-target
1.6
-classpath
C:\Users\Dodongo\.m2\repository\junit\junit\4.11\junit-4.11.jar;C:\Users\Dodongo\.m2\repository\log4j\log4j\1.2.17\log4j-1.2.17.jar;C:\Users\Dodongo\.m2\repository\org\slf4j\slf4j-api\1.7.5\slf4j-api-1.7.5.jar;C:\Users\Dodongo\.m2\repository\org\slf4j\jcl-over-slf4j\1.7.5\jcl-over-slf4j-1.7.5.jar;C:\Users\Dodongo\.m2\repository\org\slf4j\slf4j-log4j12\1.7.5\slf4j-log4j12-1.7.5.jar;C:\Users\Dodongo\.m2\repository\org\aspectj\aspectjrt\1.7.4\aspectjrt-1.7.4.jar;C:\Users\Dodongo\.m2\repository\org\aspectj\aspectjweaver\1.7.4\aspectjweaver-1.7.4.jar;C:\Users\Dodongo\.m2\repository\javax\servlet\servlet-api\2.5\servlet-api-2.5.jar;C:\Users\Dodongo\.m2\repository\net\sf\flexjson\flexjson\2.1\flexjson-2.1.jar;C:\Users\Dodongo\.m2\repository\org\apache\commons\commons-lang3\3.1\commons-lang3-3.1.jar;C:\Users\Dodongo\.m2\repository\org\springframework\roo\org.springframework.roo.annotations\1.2.5.RELEASE\org.springframework.roo.annotations-1.2.5.RELEASE.jar;C:\Users\Dodongo\.m2\repository\org\springframework\spring-core\3.2.6.RELEASE\spring-core-3.2.6.RELEASE.jar;C:\Users\Dodongo\.m2\repository\org\springframework\spring-test\3.2.6.RELEASE\spring-test-3.2.6.RELEASE.jar;C:\Users\Dodongo\.m2\repository\org\springframework\spring-context\3.2.6.RELEASE\spring-context-3.2.6.RELEASE.jar;C:\Users\Dodongo\.m2\repository\org\springframework\spring-aop\3.2.6.RELEASE\spring-aop-3.2.6.RELEASE.jar;C:\Users\Dodongo\.m2\repository\org\springframework\spring-aspects\3.2.6.RELEASE\spring-aspects-3.2.6.RELEASE.jar;C:\Users\Dodongo\.m2\repository\org\hsqldb\hsqldb\2.2.9\hsqldb-2.2.9.jar;C:\Users\Dodongo\.m2\repository\org\hibernate\hibernate-core\4.2.2.Final\hibernate-core-4.2.2.Final.jar;C:\Users\Dodongo\.m2\repository\org\hibernate\hibernate-entitymanager\4.2.2.Final\hibernate-entitymanager-4.2.2.Final.jar;C:\Users\Dodongo\.m2\repository\org\hibernate\javax\persistence\hibernate-jpa-2.0-api\1.0.1.Final\hibernate-jpa-2.0-api-1.0.1.Final.jar;C:\Users\Dodongo\.m2\repository\commons-collections\commons-collections\3.2.1\commons-collections-3.2.1.jar;C:\Users\Dodongo\.m2\repository\org\hibernate\hibernate-validator\4.3.1.Final\hibernate-validator-4.3.1.Final.jar;C:\Users\Dodongo\.m2\repository\javax\validation\validation-api\1.0.0.GA\validation-api-1.0.0.GA.jar;C:\Users\Dodongo\.m2\repository\javax\transaction\jta\1.1\jta-1.1.jar;C:\Users\Dodongo\.m2\repository\org\springframework\spring-jdbc\3.2.6.RELEASE\spring-jdbc-3.2.6.RELEASE.jar;C:\Users\Dodongo\.m2\repository\org\springframework\spring-orm\3.2.6.RELEASE\spring-orm-3.2.6.RELEASE.jar;C:\Users\Dodongo\.m2\repository\commons-pool\commons-pool\1.5.6\commons-pool-1.5.6.jar;C:\Users\Dodongo\.m2\repository\commons-dbcp\commons-dbcp\1.4\commons-dbcp-1.4.jar;C:\Users\Dodongo\.m2\repository\org\springframework\spring-webmvc\3.2.6.RELEASE\spring-webmvc-3.2.6.RELEASE.jar;C:\Users\Dodongo\.m2\repository\org\springframework\webflow\spring-js-resources\2.2.1.RELEASE\spring-js-resources-2.2.1.RELEASE.jar;C:\Users\Dodongo\.m2\repository\commons-digester\commons-digester\2.1\commons-digester-2.1.jar;C:\Users\Dodongo\.m2\repository\commons-fileupload\commons-fileupload\1.2.2\commons-fileupload-1.2.2.jar;C:\Users\Dodongo\.m2\repository\javax\servlet\jsp\jstl\jstl-api\1.2\jstl-api-1.2.jar;C:\Users\Dodongo\.m2\repository\org\glassfish\web\jstl-impl\1.2\jstl-impl-1.2.jar;C:\Users\Dodongo\.m2\repository\javax\el\el-api\2.2\el-api-2.2.jar;C:\Users\Dodongo\.m2\repository\joda-time\joda-time\1.6\joda-time-1.6.jar;C:\Users\Dodongo\.m2\repository\javax\servlet\jsp\jsp-api\2.1\jsp-api-2.1.jar;C:\Users\Dodongo\.m2\repository\commons-codec\commons-codec\1.5\commons-codec-1.5.jar;C:\Users\Dodongo\.m2\repository\org\apache\tiles\tiles-jsp\2.2.2\tiles-jsp-2.2.2.jar;C:\Users\Dodongo\.m2\repository\commons-io\commons-io\2.4\commons-io-2.4.jar;C:\Users\Dodongo\.m2\repository\org\springframework\spring-beans\3.2.6.RELEASE\spring-beans-3.2.6.RELEASE.jar;C:\Users\Dodongo\.m2\repository\org\springframework\spring-expression\3.2.6.RELEASE\spring-expression-3.2.6.RELEASE.jar;C:\Users\Dodongo\.m2\repository\aopalliance\aopalliance\1.0\aopalliance-1.0.jar;C:\Users\Dodongo\.m2\repository\org\springframework\spring-context-support\3.2.6.RELEASE\spring-context-support-3.2.6.RELEASE.jar;C:\Users\Dodongo\.m2\repository\antlr\antlr\2.7.7\antlr-2.7.7.jar;C:\Users\Dodongo\.m2\repository\org\jboss\logging\jboss-logging\3.1.0.GA\jboss-logging-3.1.0.GA.jar;C:\Users\Dodongo\.m2\repository\dom4j\dom4j\1.6.1\dom4j-1.6.1.jar;C:\Users\Dodongo\.m2\repository\org\jboss\spec\javax\transaction\jboss-transaction-api_1.1_spec\1.0.1.Final\jboss-transaction-api_1.1_spec-1.0.1.Final.jar;C:\Users\Dodongo\.m2\repository\org\hibernate\common\hibernate-commons-annotations\4.0.2.Final\hibernate-commons-annotations-4.0.2.Final.jar;C:\Users\Dodongo\.m2\repository\org\javassist\javassist\3.15.0-GA\javassist-3.15.0-GA.jar;C:\Users\Dodongo\.m2\repository\org\springframework\spring-tx\3.2.6.RELEASE\spring-tx-3.2.6.RELEASE.jar;C:\Users\Dodongo\.m2\repository\org\springframework\spring-web\3.2.6.RELEASE\spring-web-3.2.6.RELEASE.jar;C:\Users\Dodongo\.m2\repository\commons-beanutils\commons-beanutils\1.8.3\commons-beanutils-1.8.3.jar;C:\Users\Dodongo\.m2\repository\org\apache\tiles\tiles-servlet\2.2.2\tiles-servlet-2.2.2.jar;C:\Users\Dodongo\.m2\repository\org\apache\tiles\tiles-core\2.2.2\tiles-core-2.2.2.jar;C:\Users\Dodongo\.m2\repository\org\apache\tiles\tiles-template\2.2.2\tiles-template-2.2.2.jar;C:\Users\Dodongo\.m2\repository\org\apache\tiles\tiles-api\2.2.2\tiles-api-2.2.2.jar;C:\Users\Dodongo\Desktop\document-roo\target\classes
-aspectpath
C:\Users\Dodongo\.m2\repository\org\springframework\spring-aspects\3.2.6.RELEASE\spring-aspects-3.2.6.RELEASE.jar
-d
C:\Users\Dodongo\Desktop\document-roo\target\classes
C:\Users\Dodongo\Desktop\document-roo\src\main\java\org\rad\roo\document\domain\Country.java
C:\Users\Dodongo\Desktop\document-roo\src\main\java\org\rad\roo\document\domain\Description.java
C:\Users\Dodongo\Desktop\document-roo\src\main\java\org\rad\roo\document\domain\Description_Roo_Configurable.aj
C:\Users\Dodongo\Desktop\document-roo\src\main\java\org\rad\roo\document\domain\Description_Roo_JavaBean.aj
C:\Users\Dodongo\Desktop\document-roo\src\main\java\org\rad\roo\document\domain\Description_Roo_Jpa_ActiveRecord.aj
C:\Users\Dodongo\Desktop\document-roo\src\main\java\org\rad\roo\document\domain\Description_Roo_Jpa_Entity.aj
C:\Users\Dodongo\Desktop\document-roo\src\main\java\org\rad\roo\document\domain\Description_Roo_ToString.aj
C:\Users\Dodongo\Desktop\document-roo\src\main\java\org\rad\roo\document\domain\Document.java
C:\Users\Dodongo\Desktop\document-roo\src\main\java\org\rad\roo\document\domain\DocumentClassification.java
C:\Users\Dodongo\Desktop\document-roo\src\main\java\org\rad\roo\document\domain\DocumentClassification_Roo_Configurable.aj
C:\Users\Dodongo\Desktop\document-roo\src\main\java\org\rad\roo\document\domain\DocumentClassification_Roo_JavaBean.aj
C:\Users\Dodongo\Desktop\document-roo\src\main\java\org\rad\roo\document\domain\DocumentClassification_Roo_Jpa_ActiveRecord.aj
C:\Users\Dodongo\Desktop\document-roo\src\main\java\org\rad\roo\document\domain\DocumentClassification_Roo_Jpa_Entity.aj
C:\Users\Dodongo\Desktop\document-roo\src\main\java\org\rad\roo\document\domain\DocumentClassification_Roo_ToString.aj
C:\Users\Dodongo\Desktop\document-roo\src\main\java\org\rad\roo\document\domain\DocumentId.java
C:\Users\Dodongo\Desktop\document-roo\src\main\java\org\rad\roo\document\domain\DocumentId_Roo_Configurable.aj
C:\Users\Dodongo\Desktop\document-roo\src\main\java\org\rad\roo\document\domain\DocumentId_Roo_JavaBean.aj
C:\Users\Dodongo\Desktop\document-roo\src\main\java\org\rad\roo\document\domain\DocumentId_Roo_Jpa_ActiveRecord.aj
C:\Users\Dodongo\Desktop\document-roo\src\main\java\org\rad\roo\document\domain\DocumentId_Roo_Jpa_Entity.aj
C:\Users\Dodongo\Desktop\document-roo\src\main\java\org\rad\roo\document\domain\DocumentId_Roo_ToString.aj
C:\Users\Dodongo\Desktop\document-roo\src\main\java\org\rad\roo\document\domain\DocumentRelationship.java
C:\Users\Dodongo\Desktop\document-roo\src\main\java\org\rad\roo\document\domain\DocumentRelationshipType.java
C:\Users\Dodongo\Desktop\document-roo\src\main\java\org\rad\roo\document\domain\DocumentRelationship_Roo_Configurable.aj
C:\Users\Dodongo\Desktop\document-roo\src\main\java\org\rad\roo\document\domain\DocumentRelationship_Roo_JavaBean.aj
C:\Users\Dodongo\Desktop\document-roo\src\main\java\org\rad\roo\document\domain\DocumentRelationship_Roo_Jpa_ActiveRecord.aj
C:\Users\Dodongo\Desktop\document-roo\src\main\java\org\rad\roo\document\domain\DocumentRelationship_Roo_Jpa_Entity.aj
C:\Users\Dodongo\Desktop\document-roo\src\main\java\org\rad\roo\document\domain\DocumentRelationship_Roo_ToString.aj
C:\Users\Dodongo\Desktop\document-roo\src\main\java\org\rad\roo\document\domain\DocumentRevision.java
C:\Users\Dodongo\Desktop\document-roo\src\main\java\org\rad\roo\document\domain\DocumentRevision_Roo_Configurable.aj
C:\Users\Dodongo\Desktop\document-roo\src\main\java\org\rad\roo\document\domain\DocumentRevision_Roo_JavaBean.aj
C:\Users\Dodongo\Desktop\document-roo\src\main\java\org\rad\roo\document\domain\DocumentRevision_Roo_Jpa_ActiveRecord.aj
C:\Users\Dodongo\Desktop\document-roo\src\main\java\org\rad\roo\document\domain\DocumentRevision_Roo_Jpa_Entity.aj
C:\Users\Dodongo\Desktop\document-roo\src\main\java\org\rad\roo\document\domain\DocumentRevision_Roo_ToString.aj
C:\Users\Dodongo\Desktop\document-roo\src\main\java\org\rad\roo\document\domain\Document_Roo_Configurable.aj
C:\Users\Dodongo\Desktop\document-roo\src\main\java\org\rad\roo\document\domain\Document_Roo_JavaBean.aj
C:\Users\Dodongo\Desktop\document-roo\src\main\java\org\rad\roo\document\domain\Document_Roo_Jpa_ActiveRecord.aj
C:\Users\Dodongo\Desktop\document-roo\src\main\java\org\rad\roo\document\domain\Document_Roo_Jpa_Entity.aj
C:\Users\Dodongo\Desktop\document-roo\src\main\java\org\rad\roo\document\domain\Document_Roo_ToString.aj
C:\Users\Dodongo\Desktop\document-roo\src\main\java\org\rad\roo\document\domain\ElectronicAddress.java
C:\Users\Dodongo\Desktop\document-roo\src\main\java\org\rad\roo\document\domain\ElectronicAddress_Roo_Configurable.aj
C:\Users\Dodongo\Desktop\document-roo\src\main\java\org\rad\roo\document\domain\ElectronicAddress_Roo_JavaBean.aj
C:\Users\Dodongo\Desktop\document-roo\src\main\java\org\rad\roo\document\domain\ElectronicAddress_Roo_Jpa_ActiveRecord.aj
C:\Users\Dodongo\Desktop\document-roo\src\main\java\org\rad\roo\document\domain\ElectronicAddress_Roo_Jpa_Entity.aj
C:\Users\Dodongo\Desktop\document-roo\src\main\java\org\rad\roo\document\domain\ElectronicAddress_Roo_ToString.aj
C:\Users\Dodongo\Desktop\document-roo\src\main\java\org\rad\roo\document\domain\Gender.java
C:\Users\Dodongo\Desktop\document-roo\src\main\java\org\rad\roo\document\domain\KeyWord.java
C:\Users\Dodongo\Desktop\document-roo\src\main\java\org\rad\roo\document\domain\KeyWord_Roo_Configurable.aj
C:\Users\Dodongo\Desktop\document-roo\src\main\java\org\rad\roo\document\domain\KeyWord_Roo_JavaBean.aj
C:\Users\Dodongo\Desktop\document-roo\src\main\java\org\rad\roo\document\domain\KeyWord_Roo_Jpa_ActiveRecord.aj
C:\Users\Dodongo\Desktop\document-roo\src\main\java\org\rad\roo\document\domain\KeyWord_Roo_Jpa_Entity.aj
C:\Users\Dodongo\Desktop\document-roo\src\main\java\org\rad\roo\document\domain\KeyWord_Roo_ToString.aj
C:\Users\Dodongo\Desktop\document-roo\src\main\java\org\rad\roo\document\domain\Person.java
C:\Users\Dodongo\Desktop\document-roo\src\main\java\org\rad\roo\document\domain\Person_Roo_Configurable.aj
C:\Users\Dodongo\Desktop\document-roo\src\main\java\org\rad\roo\document\domain\Person_Roo_JavaBean.aj
C:\Users\Dodongo\Desktop\document-roo\src\main\java\org\rad\roo\document\domain\Person_Roo_Jpa_ActiveRecord.aj
C:\Users\Dodongo\Desktop\document-roo\src\main\java\org\rad\roo\document\domain\Person_Roo_Jpa_Entity.aj
C:\Users\Dodongo\Desktop\document-roo\src\main\java\org\rad\roo\document\domain\Person_Roo_ToString.aj
C:\Users\Dodongo\Desktop\document-roo\src\main\java\org\rad\roo\document\domain\PostalAddress.java
C:\Users\Dodongo\Desktop\document-roo\src\main\java\org\rad\roo\document\domain\PostalAddress_Roo_Configurable.aj
C:\Users\Dodongo\Desktop\document-roo\src\main\java\org\rad\roo\document\domain\PostalAddress_Roo_JavaBean.aj
C:\Users\Dodongo\Desktop\document-roo\src\main\java\org\rad\roo\document\domain\PostalAddress_Roo_Jpa_ActiveRecord.aj
C:\Users\Dodongo\Desktop\document-roo\src\main\java\org\rad\roo\document\domain\PostalAddress_Roo_Jpa_Entity.aj
C:\Users\Dodongo\Desktop\document-roo\src\main\java\org\rad\roo\document\domain\PostalAddress_Roo_ToString.aj
C:\Users\Dodongo\Desktop\document-roo\src\main\java\org\rad\roo\document\domain\Speech.java
C:\Users\Dodongo\Desktop\document-roo\src\main\java\org\rad\roo\document\domain\StreetDetail.java
C:\Users\Dodongo\Desktop\document-roo\src\main\java\org\rad\roo\document\domain\StreetDetail_Roo_Configurable.aj
C:\Users\Dodongo\Desktop\document-roo\src\main\java\org\rad\roo\document\domain\StreetDetail_Roo_JavaBean.aj
C:\Users\Dodongo\Desktop\document-roo\src\main\java\org\rad\roo\document\domain\StreetDetail_Roo_Jpa_ActiveRecord.aj
C:\Users\Dodongo\Desktop\document-roo\src\main\java\org\rad\roo\document\domain\StreetDetail_Roo_Jpa_Entity.aj
C:\Users\Dodongo\Desktop\document-roo\src\main\java\org\rad\roo\document\domain\StreetDetail_Roo_ToString.aj
C:\Users\Dodongo\Desktop\document-roo\src\main\java\org\rad\roo\document\domain\Summary.java
C:\Users\Dodongo\Desktop\document-roo\src\main\java\org\rad\roo\document\domain\Summary_Roo_Configurable.aj
C:\Users\Dodongo\Desktop\document-roo\src\main\java\org\rad\roo\document\domain\Summary_Roo_JavaBean.aj
C:\Users\Dodongo\Desktop\document-roo\src\main\java\org\rad\roo\document\domain\Summary_Roo_Jpa_ActiveRecord.aj
C:\Users\Dodongo\Desktop\document-roo\src\main\java\org\rad\roo\document\domain\Summary_Roo_Jpa_Entity.aj
C:\Users\Dodongo\Desktop\document-roo\src\main\java\org\rad\roo\document\domain\Summary_Roo_ToString.aj
C:\Users\Dodongo\Desktop\document-roo\src\main\java\org\rad\roo\document\domain\TelephoneNumber.java
C:\Users\Dodongo\Desktop\document-roo\src\main\java\org\rad\roo\document\domain\TelephoneNumber_Roo_Configurable.aj
C:\Users\Dodongo\Desktop\document-roo\src\main\java\org\rad\roo\document\domain\TelephoneNumber_Roo_JavaBean.aj
C:\Users\Dodongo\Desktop\document-roo\src\main\java\org\rad\roo\document\domain\TelephoneNumber_Roo_Jpa_ActiveRecord.aj
C:\Users\Dodongo\Desktop\document-roo\src\main\java\org\rad\roo\document\domain\TelephoneNumber_Roo_Jpa_Entity.aj
C:\Users\Dodongo\Desktop\document-roo\src\main\java\org\rad\roo\document\domain\TelephoneNumber_Roo_ToString.aj
C:\Users\Dodongo\Desktop\document-roo\src\main\java\org\rad\roo\document\domain\Title.java
C:\Users\Dodongo\Desktop\document-roo\src\main\java\org\rad\roo\document\domain\Title_Roo_Configurable.aj
C:\Users\Dodongo\Desktop\document-roo\src\main\java\org\rad\roo\document\domain\Title_Roo_JavaBean.aj
C:\Users\Dodongo\Desktop\document-roo\src\main\java\org\rad\roo\document\domain\Title_Roo_Jpa_ActiveRecord.aj
C:\Users\Dodongo\Desktop\document-roo\src\main\java\org\rad\roo\document\domain\Title_Roo_Jpa_Entity.aj
C:\Users\Dodongo\Desktop\document-roo\src\main\java\org\rad\roo\document\domain\Title_Roo_ToString.aj
C:\Users\Dodongo\Desktop\document-roo\src\main\java\org\rad\roo\document\domain\TownDetail.java
C:\Users\Dodongo\Desktop\document-roo\src\main\java\org\rad\roo\document\domain\TownDetail_Roo_Configurable.aj
C:\Users\Dodongo\Desktop\document-roo\src\main\java\org\rad\roo\document\domain\TownDetail_Roo_JavaBean.aj
C:\Users\Dodongo\Desktop\document-roo\src\main\java\org\rad\roo\document\domain\TownDetail_Roo_Jpa_ActiveRecord.aj
C:\Users\Dodongo\Desktop\document-roo\src\main\java\org\rad\roo\document\domain\TownDetail_Roo_Jpa_Entity.aj
C:\Users\Dodongo\Desktop\document-roo\src\main\java\org\rad\roo\document\domain\TownDetail_Roo_ToString.aj
C:\Users\Dodongo\Desktop\document-roo\src\main\java\org\rad\roo\document\web\ApplicationConversionServiceFactoryBean.java
C:\Users\Dodongo\Desktop\document-roo\src\main\java\org\rad\roo\document\web\ApplicationConversionServiceFactoryBean_Roo_ConversionService.aj
C:\Users\Dodongo\Desktop\document-roo\src\main\java\org\rad\roo\document\web\DescriptionController.java
C:\Users\Dodongo\Desktop\document-roo\src\main\java\org\rad\roo\document\web\DescriptionController_Roo_Controller.aj
C:\Users\Dodongo\Desktop\document-roo\src\main\java\org\rad\roo\document\web\DocumentClassificationController.java
C:\Users\Dodongo\Desktop\document-roo\src\main\java\org\rad\roo\document\web\DocumentClassificationController_Roo_Controller.aj
C:\Users\Dodongo\Desktop\document-roo\src\main\java\org\rad\roo\document\web\DocumentController.java
C:\Users\Dodongo\Desktop\document-roo\src\main\java\org\rad\roo\document\web\DocumentController_Roo_Controller.aj
C:\Users\Dodongo\Desktop\document-roo\src\main\java\org\rad\roo\document\web\DocumentIdController.java
C:\Users\Dodongo\Desktop\document-roo\src\main\java\org\rad\roo\document\web\DocumentIdController_Roo_Controller.aj
C:\Users\Dodongo\Desktop\document-roo\src\main\java\org\rad\roo\document\web\DocumentRelationshipController.java
C:\Users\Dodongo\Desktop\document-roo\src\main\java\org\rad\roo\document\web\DocumentRelationshipController_Roo_Controller.aj
C:\Users\Dodongo\Desktop\document-roo\src\main\java\org\rad\roo\document\web\DocumentRevisionController.java
C:\Users\Dodongo\Desktop\document-roo\src\main\java\org\rad\roo\document\web\DocumentRevisionController_Roo_Controller.aj
C:\Users\Dodongo\Desktop\document-roo\src\main\java\org\rad\roo\document\web\ElectronicAddressController.java
C:\Users\Dodongo\Desktop\document-roo\src\main\java\org\rad\roo\document\web\ElectronicAddressController_Roo_Controller.aj
C:\Users\Dodongo\Desktop\document-roo\src\main\java\org\rad\roo\document\web\KeyWordController.java
C:\Users\Dodongo\Desktop\document-roo\src\main\java\org\rad\roo\document\web\KeyWordController_Roo_Controller.aj
C:\Users\Dodongo\Desktop\document-roo\src\main\java\org\rad\roo\document\web\PersonController.java
C:\Users\Dodongo\Desktop\document-roo\src\main\java\org\rad\roo\document\web\PersonController_Roo_Controller.aj
C:\Users\Dodongo\Desktop\document-roo\src\main\java\org\rad\roo\document\web\PostalAddressController.java
C:\Users\Dodongo\Desktop\document-roo\src\main\java\org\rad\roo\document\web\PostalAddressController_Roo_Controller.aj
C:\Users\Dodongo\Desktop\document-roo\src\main\java\org\rad\roo\document\web\StreetDetailController.java
C:\Users\Dodongo\Desktop\document-roo\src\main\java\org\rad\roo\document\web\StreetDetailController_Roo_Controller.aj
C:\Users\Dodongo\Desktop\document-roo\src\main\java\org\rad\roo\document\web\SummaryController.java
C:\Users\Dodongo\Desktop\document-roo\src\main\java\org\rad\roo\document\web\SummaryController_Roo_Controller.aj
C:\Users\Dodongo\Desktop\document-roo\src\main\java\org\rad\roo\document\web\TelephoneNumberController.java
C:\Users\Dodongo\Desktop\document-roo\src\main\java\org\rad\roo\document\web\TelephoneNumberController_Roo_Controller.aj
C:\Users\Dodongo\Desktop\document-roo\src\main\java\org\rad\roo\document\web\TitleController.java
C:\Users\Dodongo\Desktop\document-roo\src\main\java\org\rad\roo\document\web\TitleController_Roo_Controller.aj
C:\Users\Dodongo\Desktop\document-roo\src\main\java\org\rad\roo\document\web\TownDetailController.java
C:\Users\Dodongo\Desktop\document-roo\src\main\java\org\rad\roo\document\web\TownDetailController_Roo_Controller.aj
